Сборка начата 28.09.2021 13:26:20.
Уровень детализации журнала: Normal.     1>Проект "E:\code\vs\sem2\LP_Lab13\LP_Lab13\LP_Lab13.vcxproj" в узле 2 (целевые объекты Build).
     1>InitializeBuildStatus:
         Создание "Debug\LP_Lab13.tlog\unsuccessfulbuild", так как было задано "AlwaysCreate".
       ClCompile:
         E:\soft\cash\VC\Tools\MSVC\14.28.29333\bin\HostX86\x86\CL.exe /c /ZI /JMC /nologo /W3 /WX- /diagnostics:column /sdl /Od /Oy- /D WIN32 /D _DEBUG /D _CONSOLE /D _UNICODE /D UNICODE /Gm- /EHsc /RTC1 /MDd /GS /fp:precise /permissive- /Zc:wchar_t /Zc:forScope /Zc:inline /Fo"Debug\\" /Fd"Debug\vc142.pdb" /Gd /TP /analyze- /FC /errorReport:prompt In.cpp LP_Lab13.cpp Log.cpp Out.cpp
         In.cpp
         LP_Lab13.cpp
     1>E:\code\vs\sem2\LP_Lab13\LP_Lab13\LP_Lab13.cpp(32,28): warning C4018: <: несоответствие типов со знаком и без знака
         Log.cpp
         Out.cpp
         Создание кода...
     1>E:\code\vs\sem2\LP_Lab13\LP_Lab13\In.cpp(67): warning C4715: In::checkText: значение возвращается не при всех путях выполнения
       Link:
         E:\soft\cash\VC\Tools\MSVC\14.28.29333\bin\HostX86\x86\link.exe /ERRORREPORT:PROMPT /OUT:"E:\code\vs\sem2\LP_Lab13\Debug\LP_Lab13.exe" /INCREMENTAL /NOLOGO kernel32.lib user32.lib gdi32.lib winspool.lib comdlg32.lib advapi32.lib shell32.lib ole32.lib oleaut32.lib uuid.lib odbc32.lib odbccp32.lib /MANIFEST /MANIFESTUAC:"level='asInvoker' uiAccess='false'" /manifest:embed /DEBUG:FASTLINK /PDB:"E:\code\vs\sem2\LP_Lab13\Debug\LP_Lab13.pdb" /SUBSYSTEM:CONSOLE /TLBID:1 /DYNAMICBASE /NXCOMPAT /IMPLIB:"E:\code\vs\sem2\LP_Lab13\Debug\LP_Lab13.lib" /MACHINE:X86 Debug\Error.obj
         Debug\FST.obj
         Debug\In.obj
         Debug\Log.obj
         Debug\LP_Lab13.obj
         Debug\Out.obj
         Debug\Parm.obj
         LP_Lab13.vcxproj -> E:\code\vs\sem2\LP_Lab13\Debug\LP_Lab13.exe
       FinalizeBuildStatus:
         Файл "Debug\LP_Lab13.tlog\unsuccessfulbuild" удаляется.
         Обращение к "Debug\LP_Lab13.tlog\LP_Lab13.lastbuildstate".
     1>Сборка проекта "E:\code\vs\sem2\LP_Lab13\LP_Lab13\LP_Lab13.vcxproj" завершена (целевые объекты Build).

Сборка успешно завершена.

       "E:\code\vs\sem2\LP_Lab13\LP_Lab13\LP_Lab13.vcxproj" (целевой объект Build ) (1) ->
       (Целевой объект ClCompile) -> 
         E:\code\vs\sem2\LP_Lab13\LP_Lab13\LP_Lab13.cpp(32,28): warning C4018: <: несоответствие типов со знаком и без знака
         E:\code\vs\sem2\LP_Lab13\LP_Lab13\In.cpp(67): warning C4715: In::checkText: значение возвращается не при всех путях выполнения

    Предупреждений: 2
    Ошибок: 0

Прошло времени 00:00:05.03
